2025-03-15 16:38:52,722 [INFO] Activator:176 - 


2025-03-15 16:38:52,727 [INFO] Activator:177 - !SESSION log4j initialized
2025-03-15 16:39:01,669 [INFO] LogOutputStream:77 - [STDOUT_REDIRECT] 
2025-03-15 16:39:07,860 [INFO] ApplicationProperties:184 - Using Application install path: C:\ST\STM32CubeIDE_1.17.0\STM32CubeIDE\plugins\com.st.stm32cube.common.mx_6.13.0.202411220809
2025-03-15 16:39:07,893 [INFO] DbMcusXml:78 - Set database path to: C:\ST\STM32CubeIDE_1.17.0\STM32CubeIDE\plugins\com.st.stm32cube.common.mx_6.13.0.202411220809\\db\/mcu/
2025-03-15 16:39:07,893 [INFO] ApiDb:274 - Set plugin database path to: C:\ST\STM32CubeIDE_1.17.0\STM32CubeIDE\plugins\com.st.stm32cube.common.mx_6.13.0.202411220809\\db\/plugins/boardmanager/
2025-03-15 16:39:07,893 [WARN] ApiDb:259 - Overriding images path with different value:  => C:\ST\STM32CubeIDE_1.17.0\STM32CubeIDE\plugins\com.st.stm32cube.common.mx_6.13.0.202411220809\\db\/plugins/mcufinder/images/
2025-03-15 16:39:07,926 [INFO] ApiDb:250 - Set database path to: C:\Users\Manu_\.stmcufinder\plugins\mcufinder//mcu/
2025-03-15 16:39:07,926 [INFO] DbMcusAds:125 - Set database path to: C:\Users\Manu_\.stmcufinder\plugins\mcufinder//mcu/
2025-03-15 16:39:07,926 [INFO] CrossReferenceDbSqlite:203 - Set database path to: C:\Users\Manu_\.stmcufinder\plugins\mcufinder//mcu/cs/
2025-03-15 16:39:08,145 [INFO] RulesReader:64 - Compatibility file has been processed (297 Rules)
2025-03-15 16:39:08,293 [INFO] DbMcusXml:78 - Set database path to: C:\ST\STM32CubeIDE_1.17.0\STM32CubeIDE\plugins\com.st.stm32cube.common.mx_6.13.0.202411220809\\db\/mcu/
2025-03-15 16:39:08,293 [INFO] ApiDb:274 - Set plugin database path to: C:\ST\STM32CubeIDE_1.17.0\STM32CubeIDE\plugins\com.st.stm32cube.common.mx_6.13.0.202411220809\\db\/plugins/boardmanager/
2025-03-15 16:39:08,293 [INFO] ApiDb:261 - Set plugin images path to: C:\ST\STM32CubeIDE_1.17.0\STM32CubeIDE\plugins\com.st.stm32cube.common.mx_6.13.0.202411220809\\db\/plugins/mcufinder/images/
2025-03-15 16:39:08,293 [WARN] DbFile:41 - Overriding database path with different value: C:\Users\Manu_\.stmcufinder\plugins\mcufinder/ => C:\Users\Manu_\.stmcufinder\plugins\mcufinder
2025-03-15 16:39:08,293 [INFO] ApiDb:250 - Set database path to: C:\Users\Manu_\.stmcufinder\plugins\mcufinder//mcu/
2025-03-15 16:39:08,293 [WARN] DbFile:41 - Overriding database path with different value: C:\Users\Manu_\.stmcufinder\plugins\mcufinder/ => C:\Users\Manu_\.stmcufinder\plugins\mcufinder
2025-03-15 16:39:08,293 [INFO] DbMcusAds:125 - Set database path to: C:\Users\Manu_\.stmcufinder\plugins\mcufinder//mcu/
2025-03-15 16:39:08,293 [WARN] DbFile:41 - Overriding database path with different value: C:\Users\Manu_\.stmcufinder\plugins\mcufinder/ => C:\Users\Manu_\.stmcufinder\plugins\mcufinder
2025-03-15 16:39:08,293 [WARN] DbFile:41 - Overriding database path with different value: C:\Users\Manu_\.stmcufinder\plugins\mcufinder/ => C:\Users\Manu_\.stmcufinder\plugins\mcufinder
2025-03-15 16:39:08,293 [INFO] CrossReferenceDbSqlite:203 - Set database path to: C:\Users\Manu_\.stmcufinder\plugins\mcufinder//mcu/cs/
2025-03-15 16:39:08,470 [INFO] MainPanel:272 - HeapMemory: 268435456
2025-03-15 16:39:08,693 [INFO] DbMcusXml:78 - Set database path to: C:\ST\STM32CubeIDE_1.17.0\STM32CubeIDE\plugins\com.st.stm32cube.common.mx_6.13.0.202411220809\\db\/mcu/
2025-03-15 16:39:08,693 [INFO] ApiDb:274 - Set plugin database path to: C:\ST\STM32CubeIDE_1.17.0\STM32CubeIDE\plugins\com.st.stm32cube.common.mx_6.13.0.202411220809\\db\/plugins/boardmanager/
2025-03-15 16:39:08,693 [INFO] ApiDb:261 - Set plugin images path to: C:\ST\STM32CubeIDE_1.17.0\STM32CubeIDE\plugins\com.st.stm32cube.common.mx_6.13.0.202411220809\\db\/plugins/mcufinder/images/
2025-03-15 16:39:08,693 [WARN] DbFile:41 - Overriding database path with different value: C:\Users\Manu_\.stmcufinder\plugins\mcufinder/ => C:\Users\Manu_\.stmcufinder\plugins\mcufinder
2025-03-15 16:39:08,693 [INFO] ApiDb:250 - Set database path to: C:\Users\Manu_\.stmcufinder\plugins\mcufinder//mcu/
2025-03-15 16:39:08,693 [WARN] DbFile:41 - Overriding database path with different value: C:\Users\Manu_\.stmcufinder\plugins\mcufinder/ => C:\Users\Manu_\.stmcufinder\plugins\mcufinder
2025-03-15 16:39:08,693 [INFO] DbMcusAds:125 - Set database path to: C:\Users\Manu_\.stmcufinder\plugins\mcufinder//mcu/
2025-03-15 16:39:08,693 [WARN] DbFile:41 - Overriding database path with different value: C:\Users\Manu_\.stmcufinder\plugins\mcufinder/ => C:\Users\Manu_\.stmcufinder\plugins\mcufinder
2025-03-15 16:39:08,693 [WARN] DbFile:41 - Overriding database path with different value: C:\Users\Manu_\.stmcufinder\plugins\mcufinder/ => C:\Users\Manu_\.stmcufinder\plugins\mcufinder
2025-03-15 16:39:08,693 [INFO] CrossReferenceDbSqlite:203 - Set database path to: C:\Users\Manu_\.stmcufinder\plugins\mcufinder//mcu/cs/
2025-03-15 16:39:08,726 [INFO] ApplicationProperties:184 - Using Application install path: C:\ST\STM32CubeIDE_1.17.0\STM32CubeIDE\plugins\com.st.stm32cube.common.mx_6.13.0.202411220809
2025-03-15 16:39:08,736 [INFO] PluginManage:196 - Search for loadable plugins [exclusion list=, ]
2025-03-15 16:39:08,736 [INFO] PluginManage:310 - Check plugin analytics
2025-03-15 16:39:09,166 [INFO] AnalyticsPlugin:253 - Accepted Software Licenses: STM32CubeMX.6.13.0
2025-03-15 16:39:09,166 [INFO] AnalyticsPlugin:255 - Accepted CMSIS Pack Licenses: 
2025-03-15 16:39:09,166 [INFO] AnalyticsPlugin:257 - Accepted Firmware Licenses: FW.U5.1.7.0
2025-03-15 16:39:09,177 [INFO] PluginManage:359 - Loaded plugin analytics (category:tool,tabindex:-1)
2025-03-15 16:39:09,177 [INFO] PluginManage:310 - Check plugin cadmodel
2025-03-15 16:39:09,224 [INFO] CADModel:105 - Init CAD model plugin
2025-03-15 16:39:09,226 [INFO] PluginManage:359 - Loaded plugin cadmodel (category:power,tabindex:5)
2025-03-15 16:39:09,226 [INFO] PluginManage:310 - Check plugin clock
2025-03-15 16:39:09,278 [INFO] PluginManage:359 - Loaded plugin clock (category:base,tabindex:2)
2025-03-15 16:39:09,278 [INFO] PluginManage:310 - Check plugin ddr
2025-03-15 16:39:09,278 [INFO] PluginManage:359 - Loaded plugin ddr (category:tool,tabindex:6)
2025-03-15 16:39:09,278 [INFO] PluginManage:310 - Check plugin filemanager
2025-03-15 16:39:09,828 [INFO] PluginManage:359 - Loaded plugin filemanager (category:base,tabindex:10)
2025-03-15 16:39:09,828 [INFO] PluginManage:310 - Check plugin ipmanager
2025-03-15 16:39:09,843 [INFO] PluginManage:359 - Loaded plugin ipmanager (category:base,tabindex:5)
2025-03-15 16:39:09,853 [INFO] PluginManage:310 - Check plugin lpbam
2025-03-15 16:39:09,893 [INFO] PluginManage:359 - Loaded plugin lpbam (category:base,tabindex:0)
2025-03-15 16:39:09,893 [INFO] PluginManage:310 - Check plugin memorymap
2025-03-15 16:39:09,960 [INFO] PluginManage:359 - Loaded plugin memorymap (category:base,tabindex:4)
2025-03-15 16:39:09,960 [INFO] PluginManage:310 - Check plugin pinoutandconfiguration
2025-03-15 16:39:10,010 [INFO] PluginManage:359 - Loaded plugin pinoutandconfiguration (category:base,tabindex:1)
2025-03-15 16:39:10,010 [INFO] PluginManage:310 - Check plugin pinoutconfig
2025-03-15 16:39:10,259 [WARN] SupportedApi:132 - Cannot load RTOS API schema: s4s-elt-must-match.1: The content of 'definitions' must match (annotation?, (simpleType | complexType)?, (unique | key | keyref)*)). A problem was found starting at: attribute.
2025-03-15 16:39:10,559 [INFO] PluginManage:359 - Loaded plugin pinoutconfig (category:base,tabindex:0)
2025-03-15 16:39:10,559 [INFO] PluginManage:310 - Check plugin power
2025-03-15 16:39:10,603 [INFO] PluginManage:359 - Loaded plugin power (category:power,tabindex:4)
2025-03-15 16:39:10,603 [INFO] PluginManage:310 - Check plugin projectmanager
2025-03-15 16:39:10,637 [INFO] PluginManage:359 - Loaded plugin projectmanager (category:projectmanager,tabindex:4)
2025-03-15 16:39:10,643 [INFO] PluginManage:310 - Check plugin rif
2025-03-15 16:39:10,676 [INFO] PluginManage:359 - Loaded plugin rif (category:base,tabindex:3)
2025-03-15 16:39:10,676 [INFO] PluginManage:310 - Check plugin thirdparty
2025-03-15 16:39:11,263 [INFO] PluginManage:359 - Loaded plugin thirdparty (category:base,tabindex:-1)
2025-03-15 16:39:11,264 [INFO] PluginManage:310 - Check plugin tools
2025-03-15 16:39:11,263 [WARN] IntegrityCheckThread:84 - waiting for thirdparty lock release [integrity check]
2025-03-15 16:39:11,266 [INFO] IntegrityCheckThread:86 - entering critical section [integrity check]
2025-03-15 16:39:11,267 [INFO] ThirdPartyUpdaterWithRetryManager:70 - Updater plugin not ready yet. [1/15]
2025-03-15 16:39:11,353 [INFO] PluginManage:359 - Loaded plugin tools (category:base,tabindex:7)
2025-03-15 16:39:11,353 [INFO] PluginManage:310 - Check plugin tutovideos
2025-03-15 16:39:11,760 [INFO] PluginManage:359 - Loaded plugin tutovideos (category:base,tabindex:-1)
2025-03-15 16:39:11,760 [INFO] PluginManage:310 - Check plugin updater
2025-03-15 16:39:11,853 [INFO] PluginManage:359 - Loaded plugin updater (category:base,tabindex:12)
2025-03-15 16:39:11,853 [INFO] PluginManage:310 - Check plugin userauth
2025-03-15 16:39:11,860 [INFO] UserAuth:118 - Init User Auth plugin
2025-03-15 16:39:11,860 [INFO] PluginManage:359 - Loaded plugin userauth (category:base,tabindex:14)
2025-03-15 16:39:11,860 [INFO] PluginManage:283 - PluginManage : Loaded plugins [18]
2025-03-15 16:39:12,410 [INFO] PinOutPanel:1589 - setPackage(No Configuration,No Configuration)
2025-03-15 16:39:12,627 [INFO] CADModel:165 - CPN selected for project level
2025-03-15 16:39:12,627 [INFO] CADModel:114 - Register for checkConnection events
2025-03-15 16:39:12,694 [INFO] IPUIPlugin:80 - create IPUIPlugin
2025-03-15 16:39:12,695 [INFO] PluginManager:220 - loadIPPluginJar : add adc
2025-03-15 16:39:12,809 [INFO] IPUIPlugin:80 - create IPUIPlugin
2025-03-15 16:39:12,809 [INFO] PluginManager:220 - loadIPPluginJar : add aes
2025-03-15 16:39:12,942 [INFO] IPUIPlugin:80 - create IPUIPlugin
2025-03-15 16:39:12,942 [INFO] PluginManager:220 - loadIPPluginJar : add can
2025-03-15 16:39:13,043 [INFO] IPUIPlugin:80 - create IPUIPlugin
2025-03-15 16:39:13,043 [INFO] PluginManager:220 - loadIPPluginJar : add comp
2025-03-15 16:39:13,144 [INFO] IPUIPlugin:80 - create IPUIPlugin
2025-03-15 16:39:13,144 [INFO] PluginManager:220 - loadIPPluginJar : add cryp
2025-03-15 16:39:13,177 [INFO] IPUIPlugin:80 - create IPUIPlugin
2025-03-15 16:39:13,177 [INFO] PluginManager:220 - loadIPPluginJar : add ddr_ctrl_phy
2025-03-15 16:39:13,278 [INFO] IPUIPlugin:80 - create IPUIPlugin
2025-03-15 16:39:13,278 [INFO] PluginManager:220 - loadIPPluginJar : add dfsdm
2025-03-15 16:39:13,321 [INFO] IPUIPlugin:80 - create IPUIPlugin
2025-03-15 16:39:13,321 [INFO] PluginManager:220 - loadIPPluginJar : add dma
2025-03-15 16:39:13,459 [INFO] IPUIPlugin:80 - create IPUIPlugin
2025-03-15 16:39:13,459 [INFO] PluginManager:220 - loadIPPluginJar : add dma3
2025-03-15 16:39:13,603 [INFO] IPUIPlugin:80 - create IPUIPlugin
2025-03-15 16:39:13,603 [INFO] PluginManager:220 - loadIPPluginJar : add extmemmanager
2025-03-15 16:39:13,660 [INFO] IPUIPlugin:80 - create IPUIPlugin
2025-03-15 16:39:13,660 [INFO] PluginManager:220 - loadIPPluginJar : add fatfs
2025-03-15 16:39:13,786 [INFO] IPUIPlugin:80 - create IPUIPlugin
2025-03-15 16:39:13,786 [INFO] PluginManager:220 - loadIPPluginJar : add fmc
2025-03-15 16:39:13,826 [INFO] IPUIPlugin:80 - create IPUIPlugin
2025-03-15 16:39:13,826 [INFO] PluginManager:220 - loadIPPluginJar : add freertos
2025-03-15 16:39:13,876 [INFO] IPUIPlugin:80 - create IPUIPlugin
2025-03-15 16:39:13,876 [INFO] PluginManager:220 - loadIPPluginJar : add genericplugin
2025-03-15 16:39:14,149 [INFO] IPUIPlugin:80 - create IPUIPlugin
2025-03-15 16:39:14,149 [INFO] PluginManager:220 - loadIPPluginJar : add gfxmmu
2025-03-15 16:39:14,270 [INFO] ThirdPartyUpdaterWithRetryManager:70 - Updater plugin not ready yet. [2/15]
2025-03-15 16:39:14,527 [INFO] IPUIPlugin:80 - create IPUIPlugin
2025-03-15 16:39:14,527 [INFO] PluginManager:220 - loadIPPluginJar : add gic
2025-03-15 16:39:14,560 [INFO] IPUIPlugin:80 - create IPUIPlugin
2025-03-15 16:39:14,560 [INFO] PluginManager:220 - loadIPPluginJar : add gpio
2025-03-15 16:39:14,843 [INFO] IPUIPlugin:80 - create IPUIPlugin
2025-03-15 16:39:14,843 [INFO] PluginManager:220 - loadIPPluginJar : add gtzc
2025-03-15 16:39:14,977 [INFO] IPUIPlugin:80 - create IPUIPlugin
2025-03-15 16:39:14,977 [INFO] PluginManager:220 - loadIPPluginJar : add hash
2025-03-15 16:39:15,156 [INFO] IPUIPlugin:80 - create IPUIPlugin
2025-03-15 16:39:15,156 [INFO] PluginManager:220 - loadIPPluginJar : add i2c
2025-03-15 16:39:15,267 [INFO] IPUIPlugin:80 - create IPUIPlugin
2025-03-15 16:39:15,267 [INFO] PluginManager:220 - loadIPPluginJar : add i2s
2025-03-15 16:39:15,370 [INFO] IPUIPlugin:80 - create IPUIPlugin
2025-03-15 16:39:15,370 [INFO] PluginManager:220 - loadIPPluginJar : add i3c
2025-03-15 16:39:15,620 [INFO] IPUIPlugin:80 - create IPUIPlugin
2025-03-15 16:39:15,620 [INFO] PluginManager:220 - loadIPPluginJar : add ipddr
2025-03-15 16:39:15,843 [INFO] IPUIPlugin:80 - create IPUIPlugin
2025-03-15 16:39:15,843 [INFO] PluginManager:220 - loadIPPluginJar : add linkedlist
2025-03-15 16:39:15,953 [INFO] IPUIPlugin:80 - create IPUIPlugin
2025-03-15 16:39:15,953 [INFO] PluginManager:220 - loadIPPluginJar : add lorawan
2025-03-15 16:39:16,062 [INFO] IPUIPlugin:80 - create IPUIPlugin
2025-03-15 16:39:16,062 [INFO] PluginManager:220 - loadIPPluginJar : add ltdc
2025-03-15 16:39:16,095 [INFO] IPUIPlugin:80 - create IPUIPlugin
2025-03-15 16:39:16,095 [INFO] PluginManager:220 - loadIPPluginJar : add mdma
2025-03-15 16:39:16,118 [INFO] IPUIPlugin:80 - create IPUIPlugin
2025-03-15 16:39:16,118 [INFO] PluginManager:220 - loadIPPluginJar : add nvic
2025-03-15 16:39:16,215 [INFO] IPUIPlugin:80 - create IPUIPlugin
2025-03-15 16:39:16,215 [INFO] PluginManager:220 - loadIPPluginJar : add opamp
2025-03-15 16:39:16,379 [INFO] IPUIPlugin:80 - create IPUIPlugin
2025-03-15 16:39:16,379 [INFO] PluginManager:220 - loadIPPluginJar : add openamp
2025-03-15 16:39:16,479 [INFO] IPUIPlugin:80 - create IPUIPlugin
2025-03-15 16:39:16,479 [INFO] PluginManager:220 - loadIPPluginJar : add pdm2pcm
2025-03-15 16:39:16,509 [INFO] IPUIPlugin:80 - create IPUIPlugin
2025-03-15 16:39:16,509 [INFO] PluginManager:220 - loadIPPluginJar : add plateformsettings
2025-03-15 16:39:16,569 [INFO] IPUIPlugin:80 - create IPUIPlugin
2025-03-15 16:39:16,569 [INFO] PluginManager:220 - loadIPPluginJar : add quadspi
2025-03-15 16:39:16,626 [INFO] IPUIPlugin:80 - create IPUIPlugin
2025-03-15 16:39:16,626 [INFO] PluginManager:220 - loadIPPluginJar : add radio
2025-03-15 16:39:16,643 [INFO] IPUIPlugin:80 - create IPUIPlugin
2025-03-15 16:39:16,653 [INFO] PluginManager:220 - loadIPPluginJar : add resmgrutility
2025-03-15 16:39:16,743 [INFO] IPUIPlugin:80 - create IPUIPlugin
2025-03-15 16:39:16,743 [INFO] PluginManager:220 - loadIPPluginJar : add sai
2025-03-15 16:39:16,819 [INFO] IPUIPlugin:80 - create IPUIPlugin
2025-03-15 16:39:16,819 [INFO] PluginManager:220 - loadIPPluginJar : add spi
2025-03-15 16:39:16,953 [INFO] IPUIPlugin:80 - create IPUIPlugin
2025-03-15 16:39:16,953 [INFO] PluginManager:220 - loadIPPluginJar : add stm32_wpan
2025-03-15 16:39:17,003 [INFO] IPUIPlugin:80 - create IPUIPlugin
2025-03-15 16:39:17,003 [INFO] PluginManager:220 - loadIPPluginJar : add tim
2025-03-15 16:39:17,127 [INFO] IPUIPlugin:80 - create IPUIPlugin
2025-03-15 16:39:17,127 [INFO] PluginManager:220 - loadIPPluginJar : add touchsensing
2025-03-15 16:39:17,176 [INFO] IPUIPlugin:80 - create IPUIPlugin
2025-03-15 16:39:17,176 [INFO] PluginManager:220 - loadIPPluginJar : add tracer_emb
2025-03-15 16:39:17,226 [INFO] IPUIPlugin:80 - create IPUIPlugin
2025-03-15 16:39:17,226 [INFO] PluginManager:220 - loadIPPluginJar : add ts
2025-03-15 16:39:17,269 [INFO] IPUIPlugin:80 - create IPUIPlugin
2025-03-15 16:39:17,269 [INFO] PluginManager:220 - loadIPPluginJar : add tsc
2025-03-15 16:39:17,276 [INFO] ThirdPartyUpdaterWithRetryManager:70 - Updater plugin not ready yet. [3/15]
2025-03-15 16:39:17,309 [INFO] IPUIPlugin:80 - create IPUIPlugin
2025-03-15 16:39:17,309 [INFO] PluginManager:220 - loadIPPluginJar : add ucpd
2025-03-15 16:39:17,403 [INFO] IPUIPlugin:80 - create IPUIPlugin
2025-03-15 16:39:17,403 [INFO] PluginManager:220 - loadIPPluginJar : add usart
2025-03-15 16:39:17,493 [INFO] IPUIPlugin:80 - create IPUIPlugin
2025-03-15 16:39:17,493 [INFO] PluginManager:220 - loadIPPluginJar : add usbx
2025-03-15 16:39:17,676 [FATAL] Updater:351 - Updater called before beeing initialized
2025-03-15 16:39:17,726 [INFO] RulesReader:64 - Compatibility file has been processed (297 Rules)
2025-03-15 16:39:17,753 [INFO] RulesReader:64 - Compatibility file has been processed (297 Rules)
2025-03-15 16:39:17,771 [INFO] CADModel:165 - CPN selected for project level
2025-03-15 16:39:17,771 [INFO] CADModel:114 - Register for checkConnection events
2025-03-15 16:39:17,771 [FATAL] Updater:351 - Updater called before beeing initialized
2025-03-15 16:39:17,771 [ERROR] CADModel:125 - Updater not yet initialized, retry later 
2025-03-15 16:39:18,034 [FATAL] Updater:351 - Updater called before beeing initialized
2025-03-15 16:39:18,045 [INFO] CADModel:165 - CPN selected for project level
2025-03-15 16:39:18,045 [INFO] CADModel:114 - Register for checkConnection events
2025-03-15 16:39:18,045 [FATAL] Updater:351 - Updater called before beeing initialized
2025-03-15 16:39:18,045 [ERROR] CADModel:125 - Updater not yet initialized, retry later 
2025-03-15 16:39:18,045 [FATAL] Updater:351 - Updater called before beeing initialized
2025-03-15 16:39:18,280 [FATAL] Updater:351 - Updater called before beeing initialized
2025-03-15 16:39:18,293 [INFO] DbMcusAds:53 - JSON generation date=Thu Mar 06 06:54:22 PST 2025 (1741272862297)
2025-03-15 16:39:18,293 [FATAL] Updater:351 - Updater called before beeing initialized
2025-03-15 16:39:18,359 [WARN] DetailPanel:346 - Failed to get advertising image, set to default
2025-03-15 16:39:18,743 [FATAL] Updater:351 - Updater called before beeing initialized
2025-03-15 16:39:18,743 [FATAL] Updater:351 - Updater called before beeing initialized
2025-03-15 16:39:18,743 [FATAL] Updater:351 - Updater called before beeing initialized
2025-03-15 16:39:18,743 [WARN] DetailPanel:346 - Failed to get advertising image, set to default
2025-03-15 16:39:18,743 [FATAL] Updater:351 - Updater called before beeing initialized
2025-03-15 16:39:18,880 [ERROR] Updater:1198 - MainUpdater not yet initialized. External WinMGr cannot be set.
2025-03-15 16:39:18,903 [INFO] Updater:1134 - Updater Version found : 6.13.0
2025-03-15 16:39:18,926 [INFO] ApplicationProperties:184 - Using Application install path: C:\ST\STM32CubeIDE_1.17.0\STM32CubeIDE\plugins\com.st.stm32cube.common.mx_6.13.0.202411220809
2025-03-15 16:39:20,292 [INFO] ThirdPartyUpdaterWithRetryManager:70 - Updater plugin not ready yet. [4/15]
2025-03-15 16:39:20,543 [ERROR] LogOutputStream:75 - [STDERR_REDIRECT] Mar 15, 2025 4:39:20 PM java.util.prefs.WindowsPreferences <init>
2025-03-15 16:39:20,543 [ERROR] LogOutputStream:75 - [STDERR_REDIRECT] WARNING: Could not open/create prefs root node Software\JavaSoft\Prefs at root 0xffffffff80000002. Windows RegCreateKeyEx(...) returned error code 5.
2025-03-15 16:39:20,543 [ERROR] LogOutputStream:75 - [STDERR_REDIRECT] 
2025-03-15 16:39:21,143 [INFO] MainUpdater:2872 - connection check result : 10
2025-03-15 16:39:21,144 [INFO] MainUpdater:289 - Updater Check For Update Now.
2025-03-15 16:39:21,145 [INFO] MicroXplorer:498 - Change Database Version : DB.6.0.130
2025-03-15 16:39:21,179 [INFO] McuFinderGlobals:63 - Set McuFinder mode to 2 (CubeIDE integrated)
2025-03-15 16:39:21,195 [INFO] UserAuth:486 - Internet connection configuration mode: 1
2025-03-15 16:39:21,264 [INFO] JxBrowserEngine:152 - Initiate JxBrowser Engine with user profile folder
2025-03-15 16:39:21,897 [INFO] CheckServerUpdateThread:120 - End of CheckServer Thread
2025-03-15 16:39:23,883 [INFO] WebApp:168 - Instantiating new browser for Auth
2025-03-15 16:39:24,089 [WARN] PackLoader:240 - Cannot read IP mode file for STMicroelectronics.FP-SNS-MOTENVWB1.1.4.0
2025-03-15 16:39:24,159 [WARN] PackLoader:240 - Cannot read IP mode file for STMicroelectronics.FP-ATR-ASTRA1.2.0.2
2025-03-15 16:39:24,192 [WARN] PackLoader:240 - Cannot read IP mode file for STMicroelectronics.FP-ATR-ASTRA1.2.0.1
2025-03-15 16:39:24,242 [WARN] PackLoader:240 - Cannot read IP mode file for STMicroelectronics.X-CUBE-SMBUS.2.1.0
2025-03-15 16:39:24,297 [WARN] PackLoader:240 - Cannot read IP mode file for STMicroelectronics.X-CUBE-WB05N.1.1.0
2025-03-15 16:39:24,398 [WARN] PackLoader:240 - Cannot read IP mode file for STMicroelectronics.X-CUBE-AZRTOS-F7.1.1.0
2025-03-15 16:39:24,466 [WARN] PackLoader:240 - Cannot read IP mode file for STMicroelectronics.FP-SNS-FLIGHT1.5.0.2
2025-03-15 16:39:24,556 [WARN] PackLoader:240 - Cannot read IP mode file for Infineon.AIROC-Wi-Fi-Bluetooth-STM32.1.7.0
2025-03-15 16:39:24,613 [WARN] PackLoader:240 - Cannot read IP mode file for STMicroelectronics.X-CUBE-DISPLAY.3.0.0
2025-03-15 16:39:24,681 [WARN] PackLoader:240 - Cannot read IP mode file for STMicroelectronics.X-CUBE-BLE1.7.0.0
2025-03-15 16:39:24,725 [WARN] PackLoader:240 - Cannot read IP mode file for STMicroelectronics.X-CUBE-NFC10.1.0.0
2025-03-15 16:39:24,773 [WARN] PackLoader:240 - Cannot read IP mode file for STMicroelectronics.X-CUBE-BLEMGR.4.0.0
2025-03-15 16:39:24,921 [WARN] PackLoader:240 - Cannot read IP mode file for emotas.I-CUBE-CANOPEN.1.3.0
2025-03-15 16:39:24,951 [WARN] PackLoader:240 - Cannot read IP mode file for STMicroelectronics.X-CUBE-AI.10.0.0
2025-03-15 16:39:25,032 [WARN] PackLoader:240 - Cannot read IP mode file for STMicroelectronics.FP-SNS-SMARTAG2.1.2.0
2025-03-15 16:39:25,066 [WARN] PackLoader:240 - Cannot read IP mode file for STMicroelectronics.FP-SNS-FLIGHT1.5.1.0
2025-03-15 16:39:25,244 [WARN] PackLoader:240 - Cannot read IP mode file for STMicroelectronics.X-CUBE-MEMS1.11.1.0
2025-03-15 16:39:25,693 [INFO] LogOutputStream:77 - [STDOUT_REDIRECT] 1 : Invalid condition id : UX_CORESTACK_Condition cause : null
2025-03-15 16:39:25,693 [INFO] LogOutputStream:77 - [STDOUT_REDIRECT] 1 : Invalid condition id : UX_CORESTACK_Condition cause : null
2025-03-15 16:39:25,693 [INFO] LogOutputStream:77 - [STDOUT_REDIRECT] 1 : Invalid condition id : UX_CORESTACK_Condition cause : null
2025-03-15 16:39:25,693 [INFO] LogOutputStream:77 - [STDOUT_REDIRECT] 1 : Invalid condition id : UX_CORESTACK_Condition cause : null
2025-03-15 16:39:25,703 [INFO] LogOutputStream:77 - [STDOUT_REDIRECT] 1 : Invalid condition id : UX_CORESTACK_Condition cause : null
2025-03-15 16:39:25,711 [WARN] PackLoader:240 - Cannot read IP mode file for STMicroelectronics.X-CUBE-AZRTOS-WL.2.0.0
2025-03-15 16:39:25,749 [WARN] PackLoader:240 - Cannot read IP mode file for STMicroelectronics.FP-SNS-MOTENV1.5.0.0
2025-03-15 16:39:25,777 [WARN] PackLoader:240 - Cannot read IP mode file for wolfSSL.I-CUBE-wolfMQTT.1.19.0
2025-03-15 16:39:25,810 [WARN] PackLoader:240 - Cannot read IP mode file for WES.I-CUBE-Cesium.1.3.0
2025-03-15 16:39:25,844 [WARN] PackLoader:240 - Cannot read IP mode file for STMicroelectronics.X-CUBE-BLE2.3.3.0
2025-03-15 16:39:25,876 [WARN] PackLoader:240 - Cannot read IP mode file for STMicroelectronics.X-CUBE-NFC9.1.0.0
2025-03-15 16:39:25,919 [WARN] PackLoader:240 - Cannot read IP mode file for STMicroelectronics.X-CUBE-BLE1.7.1.0
2025-03-15 16:39:25,969 [WARN] PackLoader:240 - Cannot read IP mode file for STMicroelectronics.X-CUBE-AZRTOS-G0.1.1.0
2025-03-15 16:39:26,010 [WARN] PackLoader:240 - Cannot read IP mode file for STMicroelectronics.X-CUBE-SAFEA1.1.2.2
2025-03-15 16:39:26,054 [WARN] PackLoader:240 - Cannot read IP mode file for STMicroelectronics.X-CUBE-NFC4.3.0.0
2025-03-15 16:39:26,093 [WARN] PackLoader:240 - Cannot read IP mode file for EmbeddedOffice.I-CUBE-FS-RTOS.1.0.1
2025-03-15 16:39:26,127 [WARN] PackLoader:240 - Cannot read IP mode file for STMicroelectronics.X-CUBE-TCPP.4.2.0
2025-03-15 16:39:26,162 [WARN] PackLoader:240 - Cannot read IP mode file for RealThread.X-CUBE-RT-Thread_Nano.4.1.1
2025-03-15 16:39:26,193 [WARN] PackLoader:240 - Cannot read IP mode file for STMicroelectronics.FP-ATR-SIGFOX1.3.2.0
2025-03-15 16:39:26,251 [WARN] ConditionMgr:438 - getConditionDescription Invalid condition id : Cortex-A Device cause : null
2025-03-15 16:39:26,296 [WARN] ConditionMgr:1044 - genDependencies : Invalid condition id : Cortex-A Device cause : null
2025-03-15 16:39:26,296 [WARN] ConditionMgr:1044 - genDependencies : Invalid condition id : Cortex-A Device cause : null
2025-03-15 16:39:26,297 [WARN] ConditionMgr:1044 - genDependencies : Invalid condition id : Cortex-A Device cause : null
2025-03-15 16:39:26,329 [WARN] PackLoader:240 - Cannot read IP mode file for STMicroelectronics.X-CUBE-EEPRMA1.5.1.0
2025-03-15 16:39:26,364 [WARN] PackLoader:240 - Cannot read IP mode file for wolfSSL.I-CUBE-wolfSSL.5.7.6
2025-03-15 16:39:26,399 [WARN] PackLoader:240 - Cannot read IP mode file for ITTIA_DB.I-CUBE-ITTIADB.8.9.0
2025-03-15 16:39:26,490 [WARN] PackLoader:240 - Cannot read IP mode file for SEGGER.I-CUBE-embOS.1.3.1
2025-03-15 16:39:26,609 [WARN] PackLoader:240 - Cannot read IP mode file for STMicroelectronics.X-CUBE-ALGOBUILD.1.4.0
2025-03-15 16:39:26,716 [WARN] PackLoader:240 - Cannot read IP mode file for STMicroelectronics.X-CUBE-AZRTOS-F4.1.1.0
2025-03-15 16:39:26,750 [WARN] PackLoader:240 - Cannot read IP mode file for STMicroelectronics.X-CUBE-ISPU.2.1.0
2025-03-15 16:39:26,810 [WARN] PackLoader:240 - Cannot read IP mode file for STMicroelectronics.X-CUBE-AZRTOS-L5.2.0.0
2025-03-15 16:39:26,894 [WARN] PackLoader:240 - Cannot read IP mode file for STMicroelectronics.X-CUBE-NFC6.3.1.0
2025-03-15 16:39:26,931 [WARN] PackLoader:240 - Cannot read IP mode file for STMicroelectronics.X-CUBE-DPower.1.2.0
2025-03-15 16:39:26,960 [WARN] PackLoader:240 - Cannot read IP mode file for STMicroelectronics.X-CUBE-FREERTOS.1.3.0
2025-03-15 16:39:26,991 [WARN] PackLoader:240 - Cannot read IP mode file for STMicroelectronics.X-CUBE-NFC7.1.0.1
2025-03-15 16:39:27,082 [WARN] ConditionMgr:438 - getConditionDescription Invalid condition id : LAN8742 Phy interface Condition cause : null
2025-03-15 16:39:27,084 [WARN] PackLoader:240 - Cannot read IP mode file for STMicroelectronics.X-CUBE-AZRTOS-L4.2.0.0
2025-03-15 16:39:27,086 [WARN] ConditionMgr:1044 - genDependencies : Invalid condition id : LAN8742 Phy interface Condition cause : null
2025-03-15 16:39:27,087 [WARN] ConditionMgr:1044 - genDependencies : Invalid condition id : LAN8742 Phy interface Condition cause : null
2025-03-15 16:39:27,088 [WARN] ConditionMgr:1044 - genDependencies : Invalid condition id : LAN8742 Phy interface Condition cause : null
2025-03-15 16:39:27,129 [WARN] PackLoader:240 - Cannot read IP mode file for STMicroelectronics.X-CUBE-SFXS2LP1.4.0.0
2025-03-15 16:39:27,193 [WARN] PackLoader:240 - Cannot read IP mode file for STMicroelectronics.X-CUBE-AZRTOS-H7.3.3.0
2025-03-15 16:39:27,269 [WARN] ConditionMgr:438 - getConditionDescription Invalid condition id : UX DEVICE CLASS RTOS Condition cause : null
2025-03-15 16:39:27,269 [WARN] ConditionMgr:438 - getConditionDescription Invalid condition id : UX DEVICE CLASS RTOS Condition cause : null
2025-03-15 16:39:27,269 [WARN] PackLoader:240 - Cannot read IP mode file for STMicroelectronics.X-CUBE-AZRTOS-WB.2.0.0
2025-03-15 16:39:27,269 [WARN] ConditionMgr:1044 - genDependencies : Invalid condition id : UX DEVICE CLASS RTOS Condition cause : null
2025-03-15 16:39:27,269 [WARN] ConditionMgr:1044 - genDependencies : Invalid condition id : UX DEVICE CLASS RTOS Condition cause : null
2025-03-15 16:39:27,276 [WARN] ConditionMgr:1044 - genDependencies : Invalid condition id : UX DEVICE CLASS RTOS Condition cause : null
2025-03-15 16:39:27,276 [WARN] ConditionMgr:1044 - genDependencies : Invalid condition id : UX DEVICE CLASS RTOS Condition cause : null
2025-03-15 16:39:27,277 [WARN] ConditionMgr:1044 - genDependencies : Invalid condition id : UX DEVICE CLASS RTOS Condition cause : null
2025-03-15 16:39:27,309 [WARN] PackLoader:240 - Cannot read IP mode file for STMicroelectronics.X-CUBE-GNSS1.7.0.1
2025-03-15 16:39:27,342 [WARN] PackLoader:240 - Cannot read IP mode file for STMicroelectronics.X-CUBE-TOUCHGFX.4.25.0
2025-03-15 16:39:27,378 [WARN] PackLoader:240 - Cannot read IP mode file for STMicroelectronics.FP-SNS-STBOX1.2.0.0
2025-03-15 16:39:27,420 [WARN] PackLoader:240 - Cannot read IP mode file for STMicroelectronics.X-CUBE-SUBG2.5.0.0
2025-03-15 16:39:27,461 [WARN] PackLoader:240 - Cannot read IP mode file for Cesanta.I-CUBE-Mongoose.7.13.0
2025-03-15 16:39:27,511 [WARN] PackLoader:240 - Cannot read IP mode file for STMicroelectronics.X-CUBE-AZRTOS-G4.2.0.0
2025-03-15 16:39:27,582 [WARN] PackLoader:240 - Cannot read IP mode file for STMicroelectronics.X-CUBE-IPS.3.1.0
2025-03-15 16:39:27,633 [WARN] PackLoader:240 - Cannot read IP mode file for STMicroelectronics.X-CUBE-ALS.1.0.2
2025-03-15 16:39:27,662 [WARN] PackLoader:240 - Cannot read IP mode file for STMicroelectronics.X-CUBE-TOUCHGFX.4.24.2
2025-03-15 16:39:27,691 [WARN] PackLoader:240 - Cannot read IP mode file for wolfSSL.I-CUBE-wolfTPM.3.4.0
2025-03-15 16:39:27,726 [WARN] PackLoader:240 - Cannot read IP mode file for portGmbH.I-Cube-SoM-uGOAL.1.1.0
2025-03-15 16:39:27,795 [WARN] PackLoader:240 - Cannot read IP mode file for STMicroelectronics.X-CUBE-AZRTOS-H7RS.1.0.0
2025-03-15 16:39:27,837 [INFO] WebApp:449 - Apply proxy settings
2025-03-15 16:39:27,837 [INFO] WebApp:534 - Chromium requires no authentication
2025-03-15 16:39:27,862 [INFO] WebApp:477 - Direct internet connection detected
2025-03-15 16:39:27,868 [WARN] PackLoader:240 - Cannot read IP mode file for STMicroelectronics.X-CUBE-TOF1.3.4.2
2025-03-15 16:39:27,910 [WARN] PackLoader:240 - Cannot read IP mode file for wolfSSL.I-CUBE-wolfSSH.1.4.17
2025-03-15 16:39:27,920 [INFO] ThirdParty:978 - Integrity check success = true
2025-03-15 16:39:27,920 [INFO] IntegrityCheckThread:100 - exiting critical section [integrity check]
2025-03-15 16:39:27,920 [INFO] IntegrityCheckThread:103 - End integrity checks thread
2025-03-15 16:39:27,954 [INFO] WebApp:880 - Register for checkConnection events
2025-03-15 16:39:27,954 [INFO] WebApp:449 - Apply proxy settings
2025-03-15 16:39:27,954 [INFO] WebApp:534 - Chromium requires no authentication
2025-03-15 16:39:27,954 [INFO] WebApp:477 - Direct internet connection detected
2025-03-15 16:39:28,552 [INFO] WebApp:221 - Starting web application
2025-03-15 16:39:28,552 [INFO] WebApp:579 - Web application path used C:\ST\STM32CubeIDE_1.17.0\STM32CubeIDE\plugins\com.st.stm32cube.common.mx_6.13.0.202411220809\db\plugins\mcufinder\reactClient1\index.html
2025-03-15 16:39:28,569 [INFO] WebApp:187 - Connection restablished
2025-03-15 16:39:29,285 [INFO] UserAuth:486 - Internet connection configuration mode: 1
2025-03-15 16:43:14,199 [ERROR] LogOutputStream:75 - [STDERR_REDIRECT] 
2025-03-15 16:43:14,203 [ERROR] LogOutputStream:75 - [STDERR_REDIRECT] 
